  Main.c
C:\Users\shaoe\OneDrive\桌面\Programming-Languages-Homework-4\P14\P14\Main.c(11,103): error C2143: 語法錯誤: 遺漏 ')' (在 '}' 之前)
C:\Users\shaoe\OneDrive\桌面\Programming-Languages-Homework-4\P14\P14\Main.c(12,1): error C2143: 語法錯誤: 遺漏 ';' (在 '}' 之前)
C:\Users\shaoe\OneDrive\桌面\Programming-Languages-Homework-4\P14\P14\Main.c(13,8): error C2143: 語法錯誤: 遺漏 ')' (在 '字串' 之前)
C:\Users\shaoe\OneDrive\桌面\Programming-Languages-Homework-4\P14\P14\Main.c(13,8): error C2143: 語法錯誤: 遺漏 '{' (在 '字串' 之前)
C:\Users\shaoe\OneDrive\桌面\Programming-Languages-Homework-4\P14\P14\Main.c(13,8): error C2059: 語法錯誤: '字串'
C:\Users\shaoe\OneDrive\桌面\Programming-Languages-Homework-4\P14\P14\Main.c(13,25): error C2059: 語法錯誤: ')'
C:\Users\shaoe\OneDrive\桌面\Programming-Languages-Homework-4\P14\P14\Main.c(14,27): error C2059: 語法錯誤: '常數'
C:\Users\shaoe\OneDrive\桌面\Programming-Languages-Homework-4\P14\P14\Main.c(14,37): error C2059: 語法錯誤: '常數'
C:\Users\shaoe\OneDrive\桌面\Programming-Languages-Homework-4\P14\P14\Main.c(14,1): error C2371: 'printArray': 重複定義; 基本類型不相同
      C:\Users\shaoe\OneDrive\桌面\Programming-Languages-Homework-4\P14\P14\Main.c(9,6):
      請參閱 'printArray' 的宣告
  
C:\Users\shaoe\OneDrive\桌面\Programming-Languages-Homework-4\P14\P14\Main.c(15,8): error C2143: 語法錯誤: 遺漏 ')' (在 '字串' 之前)
C:\Users\shaoe\OneDrive\桌面\Programming-Languages-Homework-4\P14\P14\Main.c(15,8): error C2143: 語法錯誤: 遺漏 '{' (在 '字串' 之前)
C:\Users\shaoe\OneDrive\桌面\Programming-Languages-Homework-4\P14\P14\Main.c(15,8): error C2059: 語法錯誤: '字串'
C:\Users\shaoe\OneDrive\桌面\Programming-Languages-Homework-4\P14\P14\Main.c(16,1): error C2059: 語法錯誤: 'for'
C:\Users\shaoe\OneDrive\桌面\Programming-Languages-Homework-4\P14\P14\Main.c(16,27): error C2143: 語法錯誤: 遺漏 '{' (在 '<' 之前)
C:\Users\shaoe\OneDrive\桌面\Programming-Languages-Homework-4\P14\P14\Main.c(16,27): error C2059: 語法錯誤: '<'
C:\Users\shaoe\OneDrive\桌面\Programming-Languages-Homework-4\P14\P14\Main.c(16,46): error C2143: 語法錯誤: 遺漏 '{' (在 '++' 之前)
C:\Users\shaoe\OneDrive\桌面\Programming-Languages-Homework-4\P14\P14\Main.c(16,46): error C2059: 語法錯誤: '++'
C:\Users\shaoe\OneDrive\桌面\Programming-Languages-Homework-4\P14\P14\Main.c(16,48): error C2059: 語法錯誤: ')'
C:\Users\shaoe\OneDrive\桌面\Programming-Languages-Homework-4\P14\P14\Main.c(19,8): error C2143: 語法錯誤: 遺漏 ')' (在 '字串' 之前)
C:\Users\shaoe\OneDrive\桌面\Programming-Languages-Homework-4\P14\P14\Main.c(19,8): error C2143: 語法錯誤: 遺漏 '{' (在 '字串' 之前)
C:\Users\shaoe\OneDrive\桌面\Programming-Languages-Homework-4\P14\P14\Main.c(19,8): error C2059: 語法錯誤: '字串'
C:\Users\shaoe\OneDrive\桌面\Programming-Languages-Homework-4\P14\P14\Main.c(19,15): error C2059: 語法錯誤: ')'
C:\Users\shaoe\OneDrive\桌面\Programming-Languages-Homework-4\P14\P14\Main.c(20,1): error C2059: 語法錯誤: 'return'
C:\Users\shaoe\OneDrive\桌面\Programming-Languages-Homework-4\P14\P14\Main.c(21,1): error C2059: 語法錯誤: '}'
